[20:57:0.31] Global cache location '/Users/suebele/Library/Caches/typescript/4.0', safe file path '/users/suebele/htdocs/my-gatsby-site/app3/node_modules/typescript/lib/typingsafelist.json', types map path /users/suebele/htdocs/my-gatsby-site/app3/node_modules/typescript/lib/typesmap.json
[20:57:0.32] Processing cache location '/Users/suebele/Library/Caches/typescript/4.0'
[20:57:0.33] Trying to find '/Users/suebele/Library/Caches/typescript/4.0/package.json'...
[20:57:0.37] Loaded content of '/Users/suebele/Library/Caches/typescript/4.0/package.json': {"private":true,"dependencies":{"types-registry":"^0.1.545"},"devDependencies":{"@types/accepts":"^1.3.5","@types/arr-diff":"^4.0.0","@types/arr-union":"^3.1.0","@types/array-unique":"^0.3.0","@types/atob":"^2.1.2","@types/babel__core":"^7.1.14","@types/babel-plugin-syntax-jsx":"^6.18.0","@types/balanced-match":"^1.0.1","@types/big.js":"^6.1.1","@types/boolbase":"^1.0.0","@types/brace-expansion":"^1.1.0","@types/braces":"^3.0.0","@types/buffer-from":"^1.1.0","@types/bytes":"^3.1.0","@types/caniuse-lite":"^1.0.0","@types/clean-css":"^4.2.4","@types/color-convert":"^2.0.0","@types/color-name":"^1.1.1","@types/commondir":"^1.0.0","@types/component-emitter":"^1.2.10","@types/compressible":"^2.0.0","@types/compression":"^1.7.0","@types/concat-map":"^0.0.0","@types/content-disposition":"^0.5.3","@types/convert-source-map":"^1.5.1","@types/cross-spawn":"^6.0.2","@types/css-to-react-native":"^3.0.0","@types/debug":"^4.1.5","@types/decode-uri-component":"^0.2.0","@types/deep-extend":"^0.4.31","@types/domhandler":"^2.4.1","@types/domutils":"^1.7.3","@types/enhanced-resolve":"^3.0.6","@types/eslint-scope":"^3.7.0","@types/estraverse":"^5.1.0","@types/events":"^3.0.0","@types/expand-tilde":"^2.0.0","@types/find-cache-dir":"^3.2.0","@types/findup-sync":"^4.0.1","@types/get-value":"^3.0.1","@types/glob-to-regexp":"^0.4.0","@types/global-modules":"^2.0.0","@types/global-prefix":"^3.0.0","@types/graceful-fs":"^4.1.5","@types/he":"^1.1.1","@types/hoist-non-react-statics":"^3.3.1","@types/html-minifier-terser":"^5.1.1","@types/html-webpack-plugin":"^3.2.5","@types/htmlparser2":"^3.10.2","@types/inherits":"^0.0.30","@types/ini":"^1.3.30","@types/interpret":"^1.1.1","@types/is-buffer":"^2.0.0","@types/is-glob":"^4.0.1","@types/is-number":"^7.0.1","@types/is-windows":"^1.0.0","@types/isarray":"^2.0.0","@types/isexe":"^2.0.0","@types/jsesc":"^3.0.0","@types/json-parse-better-errors":"^1.0.0","@types/kind-of":"^6.0.0","@types/loader-runner":"^2.2.3","@types/loader-utils":"^2.0.2","@types/lodash":"^4.14.170","@types/lru-cache":"^5.1.0","@types/memory-fs":"^0.3.3","@types/merge-stream":"^1.1.2","@types/micromatch":"^4.0.1","@types/mime-db":"^1.43.0","@types/mime-types":"^2.1.0","@types/minimatch":"^3.0.4","@types/minimist":"^1.2.1","@types/ms":"^0.7.31","@types/negotiator":"^0.6.1","@types/nice-try":"^2.1.0","@types/object-assign":"^4.0.30","@types/object.pick":"^1.3.1","@types/on-headers":"^1.0.0","@types/parse-passwd":"^1.0.0","@types/pascalcase":"^1.0.0","@types/path-is-inside":"^1.0.0","@types/prop-types":"^15.7.3","@types/punycode":"^2.1.0","@types/randombytes":"^2.0.0","@types/range-parser":"^1.2.3","@types/rc":"^1.1.0","@types/react":"^17.0.11","@types/react-dom":"^17.0.7","@types/react-is":"^17.0.1","@types/readable-stream":"^2.3.10","@types/registry-auth-token":"^4.2.0","@types/relateurl":"^0.2.28","@types/repeat-element":"^1.1.0","@types/repeat-string":"^1.6.0","@types/require-directory":"^2.1.1","@types/safe-regex":"^1.1.2","@types/scheduler":"^0.16.1","@types/semver":"^7.3.6","@types/serialize-javascript":"^5.0.0","@types/serve-handler":"^6.1.0","@types/set-value":"^4.0.0","@types/shallowequal":"^1.1.1","@types/shebang-command":"^1.2.0","@types/signal-exit":"^3.0.0","@types/source-list-map":"^0.1.2","@types/source-map-support":"^0.5.3","@types/styled-components":"^5.1.10","@types/supports-color":"^8.1.0","@types/terser-webpack-plugin":"^5.0.3","@types/urix":"^0.1.0","@types/util-deprecate":"^1.0.0","@types/vary":"^1.1.0","@types/watchpack":"^1.1.6","@types/webpack":"^5.28.0","@types/webpack-sources":"^2.1.0","@types/which":"^2.0.0","@types/wrap-ansi":"^8.0.0","@types/y18n":"^4.0.0","@types/yallist":"^4.0.0","@types/yargs":"^17.0.0","@types/yargs-parser":"^20.2.0"}}
[20:57:0.37] Loaded content of '/Users/suebele/Library/Caches/typescript/4.0/package-lock.json'
[20:57:0.52] Adding entry into typings cache: 'accepts' => '/Users/suebele/Library/Caches/typescript/4.0/node_modules/@types/accepts/index.d.ts'
[20:57:0.62] Adding entry into typings cache: 'arr-diff' => '/Users/suebele/Library/Caches/typescript/4.0/node_modules/@types/arr-diff/index.d.ts'
[20:57:0.68] Adding entry into typings cache: 'arr-union' => '/Users/suebele/Library/Caches/typescript/4.0/node_modules/@types/arr-union/index.d.ts'
[20:57:0.75] Adding entry into typings cache: 'array-unique' => '/Users/suebele/Library/Caches/typescript/4.0/node_modules/@types/array-unique/index.d.ts'
[20:57:0.80] Adding entry into typings cache: 'atob' => '/Users/suebele/Library/Caches/typescript/4.0/node_modules/@types/atob/index.d.ts'
[20:57:0.84] Adding entry into typings cache: 'babel__core' => '/Users/suebele/Library/Caches/typescript/4.0/node_modules/@types/babel__core/index.d.ts'
[20:57:0.87] Adding entry into typings cache: 'babel-plugin-syntax-jsx' => '/Users/suebele/Library/Caches/typescript/4.0/node_modules/@types/babel-plugin-syntax-jsx/index.d.ts'
[20:57:0.89] Adding entry into typings cache: 'balanced-match' => '/Users/suebele/Library/Caches/typescript/4.0/node_modules/@types/balanced-match/index.d.ts'
[20:57:0.93] Adding entry into typings cache: 'big.js' => '/Users/suebele/Library/Caches/typescript/4.0/node_modules/@types/big.js/index.d.ts'
[20:57:0.95] Adding entry into typings cache: 'boolbase' => '/Users/suebele/Library/Caches/typescript/4.0/node_modules/@types/boolbase/index.d.ts'
[20:57:0.96] Adding entry into typings cache: 'brace-expansion' => '/Users/suebele/Library/Caches/typescript/4.0/node_modules/@types/brace-expansion/index.d.ts'
[20:57:0.103] Adding entry into typings cache: 'braces' => '/Users/suebele/Library/Caches/typescript/4.0/node_modules/@types/braces/index.d.ts'
[20:57:0.107] Adding entry into typings cache: 'buffer-from' => '/Users/suebele/Library/Caches/typescript/4.0/node_modules/@types/buffer-from/index.d.ts'
[20:57:0.109] Adding entry into typings cache: 'bytes' => '/Users/suebele/Library/Caches/typescript/4.0/node_modules/@types/bytes/index.d.ts'
[20:57:0.114] Adding entry into typings cache: 'caniuse-lite' => '/Users/suebele/Library/Caches/typescript/4.0/node_modules/@types/caniuse-lite/index.d.ts'
[20:57:0.116] Adding entry into typings cache: 'clean-css' => '/Users/suebele/Library/Caches/typescript/4.0/node_modules/@types/clean-css/index.d.ts'
[20:57:0.119] Adding entry into typings cache: 'color-convert' => '/Users/suebele/Library/Caches/typescript/4.0/node_modules/@types/color-convert/index.d.ts'
[20:57:0.121] Adding entry into typings cache: 'color-name' => '/Users/suebele/Library/Caches/typescript/4.0/node_modules/@types/color-name/index.d.ts'
[20:57:0.124] Adding entry into typings cache: 'commondir' => '/Users/suebele/Library/Caches/typescript/4.0/node_modules/@types/commondir/index.d.ts'
[20:57:0.128] Adding entry into typings cache: 'component-emitter' => '/Users/suebele/Library/Caches/typescript/4.0/node_modules/@types/component-emitter/index.d.ts'
[20:57:0.130] Adding entry into typings cache: 'compressible' => '/Users/suebele/Library/Caches/typescript/4.0/node_modules/@types/compressible/index.d.ts'
[20:57:0.132] Adding entry into typings cache: 'compression' => '/Users/suebele/Library/Caches/typescript/4.0/node_modules/@types/compression/index.d.ts'
[20:57:0.135] Adding entry into typings cache: 'concat-map' => '/Users/suebele/Library/Caches/typescript/4.0/node_modules/@types/concat-map/index.d.ts'
[20:57:0.136] Adding entry into typings cache: 'content-disposition' => '/Users/suebele/Library/Caches/typescript/4.0/node_modules/@types/content-disposition/index.d.ts'
[20:57:0.138] Adding entry into typings cache: 'convert-source-map' => '/Users/suebele/Library/Caches/typescript/4.0/node_modules/@types/convert-source-map/index.d.ts'
[20:57:0.140] Adding entry into typings cache: 'cross-spawn' => '/Users/suebele/Library/Caches/typescript/4.0/node_modules/@types/cross-spawn/index.d.ts'
[20:57:0.142] Adding entry into typings cache: 'css-to-react-native' => '/Users/suebele/Library/Caches/typescript/4.0/node_modules/@types/css-to-react-native/index.d.ts'
[20:57:0.148] Adding entry into typings cache: 'debug' => '/Users/suebele/Library/Caches/typescript/4.0/node_modules/@types/debug/index.d.ts'
[20:57:0.151] Adding entry into typings cache: 'decode-uri-component' => '/Users/suebele/Library/Caches/typescript/4.0/node_modules/@types/decode-uri-component/index.d.ts'
[20:57:0.152] Adding entry into typings cache: 'deep-extend' => '/Users/suebele/Library/Caches/typescript/4.0/node_modules/@types/deep-extend/index.d.ts'
[20:57:0.156] Adding entry into typings cache: 'domhandler' => '/Users/suebele/Library/Caches/typescript/4.0/node_modules/@types/domhandler/index.d.ts'
[20:57:0.158] Adding entry into typings cache: 'domutils' => '/Users/suebele/Library/Caches/typescript/4.0/node_modules/@types/domutils/index.d.ts'
[20:57:0.161] Adding entry into typings cache: 'enhanced-resolve' => '/Users/suebele/Library/Caches/typescript/4.0/node_modules/enhanced-resolve/types.d.ts'
[20:57:0.166] Adding entry into typings cache: 'eslint-scope' => '/Users/suebele/Library/Caches/typescript/4.0/node_modules/@types/eslint-scope/index.d.ts'
[20:57:0.170] Adding entry into typings cache: 'estraverse' => '/Users/suebele/Library/Caches/typescript/4.0/node_modules/@types/estraverse/index.d.ts'
[20:57:0.173] Adding entry into typings cache: 'events' => '/Users/suebele/Library/Caches/typescript/4.0/node_modules/@types/events/index.d.ts'
[20:57:0.175] Adding entry into typings cache: 'expand-tilde' => '/Users/suebele/Library/Caches/typescript/4.0/node_modules/@types/expand-tilde/index.d.ts'
[20:57:0.177] Adding entry into typings cache: 'find-cache-dir' => '/Users/suebele/Library/Caches/typescript/4.0/node_modules/@types/find-cache-dir/index.d.ts'
[20:57:0.179] Adding entry into typings cache: 'findup-sync' => '/Users/suebele/Library/Caches/typescript/4.0/node_modules/@types/findup-sync/index.d.ts'
[20:57:0.183] Adding entry into typings cache: 'get-value' => '/Users/suebele/Library/Caches/typescript/4.0/node_modules/@types/get-value/index.d.ts'
[20:57:0.187] Adding entry into typings cache: 'glob-to-regexp' => '/Users/suebele/Library/Caches/typescript/4.0/node_modules/@types/glob-to-regexp/index.d.ts'
[20:57:0.188] Adding entry into typings cache: 'global-modules' => '/Users/suebele/Library/Caches/typescript/4.0/node_modules/@types/global-modules/index.d.ts'
[20:57:0.190] Adding entry into typings cache: 'global-prefix' => '/Users/suebele/Library/Caches/typescript/4.0/node_modules/@types/global-prefix/index.d.ts'
[20:57:0.194] Adding entry into typings cache: 'graceful-fs' => '/Users/suebele/Library/Caches/typescript/4.0/node_modules/@types/graceful-fs/index.d.ts'
[20:57:0.195] Adding entry into typings cache: 'he' => '/Users/suebele/Library/Caches/typescript/4.0/node_modules/@types/he/index.d.ts'
[20:57:0.199] Adding entry into typings cache: 'hoist-non-react-statics' => '/Users/suebele/Library/Caches/typescript/4.0/node_modules/@types/hoist-non-react-statics/index.d.ts'
[20:57:0.200] Adding entry into typings cache: 'html-minifier-terser' => '/Users/suebele/Library/Caches/typescript/4.0/node_modules/@types/html-minifier-terser/index.d.ts'
[20:57:0.202] Adding entry into typings cache: 'html-webpack-plugin' => '/Users/suebele/Library/Caches/typescript/4.0/node_modules/@types/html-webpack-plugin/index.d.ts'
[20:57:0.205] Adding entry into typings cache: 'htmlparser2' => '/Users/suebele/Library/Caches/typescript/4.0/node_modules/@types/htmlparser2/index.d.ts'
[20:57:0.208] Adding entry into typings cache: 'inherits' => '/Users/suebele/Library/Caches/typescript/4.0/node_modules/@types/inherits/index.d.ts'
[20:57:0.210] Adding entry into typings cache: 'ini' => '/Users/suebele/Library/Caches/typescript/4.0/node_modules/@types/ini/index.d.ts'
[20:57:0.212] Adding entry into typings cache: 'interpret' => '/Users/suebele/Library/Caches/typescript/4.0/node_modules/@types/interpret/index.d.ts'
[20:57:0.216] Adding entry into typings cache: 'is-buffer' => '/Users/suebele/Library/Caches/typescript/4.0/node_modules/@types/is-buffer/index.d.ts'
[20:57:0.219] Adding entry into typings cache: 'is-glob' => '/Users/suebele/Library/Caches/typescript/4.0/node_modules/@types/is-glob/index.d.ts'
[20:57:0.222] Adding entry into typings cache: 'is-number' => '/Users/suebele/Library/Caches/typescript/4.0/node_modules/@types/is-number/index.d.ts'
[20:57:0.226] Adding entry into typings cache: 'is-windows' => '/Users/suebele/Library/Caches/typescript/4.0/node_modules/@types/is-windows/index.d.ts'
[20:57:0.230] Adding entry into typings cache: 'isarray' => '/Users/suebele/Library/Caches/typescript/4.0/node_modules/@types/isarray/index.d.ts'
[20:57:0.231] Adding entry into typings cache: 'isexe' => '/Users/suebele/Library/Caches/typescript/4.0/node_modules/@types/isexe/index.d.ts'
[20:57:0.233] Adding entry into typings cache: 'jsesc' => '/Users/suebele/Library/Caches/typescript/4.0/node_modules/@types/jsesc/index.d.ts'
[20:57:0.235] Adding entry into typings cache: 'json-parse-better-errors' => '/Users/suebele/Library/Caches/typescript/4.0/node_modules/@types/json-parse-better-errors/index.d.ts'
[20:57:0.238] Adding entry into typings cache: 'kind-of' => '/Users/suebele/Library/Caches/typescript/4.0/node_modules/@types/kind-of/index.d.ts'
[20:57:0.243] Adding entry into typings cache: 'loader-runner' => '/Users/suebele/Library/Caches/typescript/4.0/node_modules/@types/loader-runner/index.d.ts'
[20:57:0.245] Adding entry into typings cache: 'loader-utils' => '/Users/suebele/Library/Caches/typescript/4.0/node_modules/@types/loader-utils/index.d.ts'
[20:57:0.248] Adding entry into typings cache: 'lodash' => '/Users/suebele/Library/Caches/typescript/4.0/node_modules/@types/lodash/index.d.ts'
[20:57:0.251] Adding entry into typings cache: 'lru-cache' => '/Users/suebele/Library/Caches/typescript/4.0/node_modules/@types/lru-cache/index.d.ts'
[20:57:0.253] Adding entry into typings cache: 'memory-fs' => '/Users/suebele/Library/Caches/typescript/4.0/node_modules/@types/memory-fs/index.d.ts'
[20:57:0.256] Adding entry into typings cache: 'merge-stream' => '/Users/suebele/Library/Caches/typescript/4.0/node_modules/@types/merge-stream/index.d.ts'
[20:57:0.260] Adding entry into typings cache: 'micromatch' => '/Users/suebele/Library/Caches/typescript/4.0/node_modules/@types/micromatch/index.d.ts'
[20:57:0.263] Adding entry into typings cache: 'mime-db' => '/Users/suebele/Library/Caches/typescript/4.0/node_modules/@types/mime-db/index.d.ts'
[20:57:0.265] Adding entry into typings cache: 'mime-types' => '/Users/suebele/Library/Caches/typescript/4.0/node_modules/@types/mime-types/index.d.ts'
[20:57:0.267] Adding entry into typings cache: 'minimatch' => '/Users/suebele/Library/Caches/typescript/4.0/node_modules/@types/minimatch/index.d.ts'
[20:57:0.268] Adding entry into typings cache: 'minimist' => '/Users/suebele/Library/Caches/typescript/4.0/node_modules/@types/minimist/index.d.ts'
[20:57:0.271] Adding entry into typings cache: 'ms' => '/Users/suebele/Library/Caches/typescript/4.0/node_modules/@types/ms/index.d.ts'
[20:57:0.272] Adding entry into typings cache: 'negotiator' => '/Users/suebele/Library/Caches/typescript/4.0/node_modules/@types/negotiator/index.d.ts'
[20:57:0.273] Adding entry into typings cache: 'nice-try' => '/Users/suebele/Library/Caches/typescript/4.0/node_modules/@types/nice-try/index.d.ts'
[20:57:0.276] Adding entry into typings cache: 'object-assign' => '/Users/suebele/Library/Caches/typescript/4.0/node_modules/@types/object-assign/index.d.ts'
[20:57:0.279] Adding entry into typings cache: 'object.pick' => '/Users/suebele/Library/Caches/typescript/4.0/node_modules/@types/object.pick/index.d.ts'
[20:57:0.280] Adding entry into typings cache: 'on-headers' => '/Users/suebele/Library/Caches/typescript/4.0/node_modules/@types/on-headers/index.d.ts'
[20:57:0.282] Adding entry into typings cache: 'parse-passwd' => '/Users/suebele/Library/Caches/typescript/4.0/node_modules/@types/parse-passwd/index.d.ts'
[20:57:0.285] Adding entry into typings cache: 'pascalcase' => '/Users/suebele/Library/Caches/typescript/4.0/node_modules/@types/pascalcase/index.d.ts'
[20:57:0.286] Adding entry into typings cache: 'path-is-inside' => '/Users/suebele/Library/Caches/typescript/4.0/node_modules/@types/path-is-inside/index.d.ts'
[20:57:0.287] Adding entry into typings cache: 'prop-types' => '/Users/suebele/Library/Caches/typescript/4.0/node_modules/@types/prop-types/index.d.ts'
[20:57:0.291] Adding entry into typings cache: 'punycode' => '/Users/suebele/Library/Caches/typescript/4.0/node_modules/@types/punycode/index.d.ts'
[20:57:0.294] Adding entry into typings cache: 'randombytes' => '/Users/suebele/Library/Caches/typescript/4.0/node_modules/@types/randombytes/index.d.ts'
[20:57:0.295] Adding entry into typings cache: 'range-parser' => '/Users/suebele/Library/Caches/typescript/4.0/node_modules/@types/range-parser/index.d.ts'
[20:57:0.298] Adding entry into typings cache: 'rc' => '/Users/suebele/Library/Caches/typescript/4.0/node_modules/@types/rc/index.d.ts'
[20:57:0.300] Adding entry into typings cache: 'react' => '/Users/suebele/Library/Caches/typescript/4.0/node_modules/@types/react/index.d.ts'
[20:57:0.301] Adding entry into typings cache: 'react-dom' => '/Users/suebele/Library/Caches/typescript/4.0/node_modules/@types/react-dom/index.d.ts'
[20:57:0.304] Adding entry into typings cache: 'react-is' => '/Users/suebele/Library/Caches/typescript/4.0/node_modules/@types/react-is/index.d.ts'
[20:57:0.308] Adding entry into typings cache: 'readable-stream' => '/Users/suebele/Library/Caches/typescript/4.0/node_modules/@types/readable-stream/index.d.ts'
[20:57:0.309] Adding entry into typings cache: 'registry-auth-token' => '/Users/suebele/Library/Caches/typescript/4.0/node_modules/@types/registry-auth-token/index.d.ts'
[20:57:0.311] Adding entry into typings cache: 'relateurl' => '/Users/suebele/Library/Caches/typescript/4.0/node_modules/@types/relateurl/index.d.ts'
[20:57:0.315] Adding entry into typings cache: 'repeat-element' => '/Users/suebele/Library/Caches/typescript/4.0/node_modules/@types/repeat-element/index.d.ts'
[20:57:0.319] Adding entry into typings cache: 'repeat-string' => '/Users/suebele/Library/Caches/typescript/4.0/node_modules/@types/repeat-string/index.d.ts'
[20:57:0.321] Adding entry into typings cache: 'require-directory' => '/Users/suebele/Library/Caches/typescript/4.0/node_modules/@types/require-directory/index.d.ts'
[20:57:0.324] Adding entry into typings cache: 'safe-regex' => '/Users/suebele/Library/Caches/typescript/4.0/node_modules/@types/safe-regex/index.d.ts'
[20:57:0.325] Adding entry into typings cache: 'scheduler' => '/Users/suebele/Library/Caches/typescript/4.0/node_modules/@types/scheduler/index.d.ts'
[20:57:0.328] Adding entry into typings cache: 'semver' => '/Users/suebele/Library/Caches/typescript/4.0/node_modules/@types/semver/index.d.ts'
[20:57:0.331] Adding entry into typings cache: 'serialize-javascript' => '/Users/suebele/Library/Caches/typescript/4.0/node_modules/@types/serialize-javascript/index.d.ts'
[20:57:0.333] Adding entry into typings cache: 'serve-handler' => '/Users/suebele/Library/Caches/typescript/4.0/node_modules/@types/serve-handler/index.d.ts'
[20:57:0.337] Adding entry into typings cache: 'set-value' => '/Users/suebele/Library/Caches/typescript/4.0/node_modules/@types/set-value/index.d.ts'
[20:57:0.339] Adding entry into typings cache: 'shallowequal' => '/Users/suebele/Library/Caches/typescript/4.0/node_modules/@types/shallowequal/index.d.ts'
[20:57:0.341] Adding entry into typings cache: 'shebang-command' => '/Users/suebele/Library/Caches/typescript/4.0/node_modules/@types/shebang-command/index.d.ts'
[20:57:0.342] Adding entry into typings cache: 'signal-exit' => '/Users/suebele/Library/Caches/typescript/4.0/node_modules/@types/signal-exit/index.d.ts'
[20:57:0.346] Adding entry into typings cache: 'source-list-map' => '/Users/suebele/Library/Caches/typescript/4.0/node_modules/@types/source-list-map/index.d.ts'
[20:57:0.349] Adding entry into typings cache: 'source-map-support' => '/Users/suebele/Library/Caches/typescript/4.0/node_modules/@types/source-map-support/index.d.ts'
[20:57:0.351] Adding entry into typings cache: 'styled-components' => '/Users/suebele/Library/Caches/typescript/4.0/node_modules/@types/styled-components/index.d.ts'
[20:57:0.353] Adding entry into typings cache: 'supports-color' => '/Users/suebele/Library/Caches/typescript/4.0/node_modules/@types/supports-color/index.d.ts'
[20:57:0.355] Adding entry into typings cache: 'terser-webpack-plugin' => '/Users/suebele/Library/Caches/typescript/4.0/node_modules/@types/terser-webpack-plugin/index.d.ts'
[20:57:0.358] Adding entry into typings cache: 'urix' => '/Users/suebele/Library/Caches/typescript/4.0/node_modules/@types/urix/index.d.ts'
[20:57:0.360] Adding entry into typings cache: 'util-deprecate' => '/Users/suebele/Library/Caches/typescript/4.0/node_modules/@types/util-deprecate/index.d.ts'
[20:57:0.361] Adding entry into typings cache: 'vary' => '/Users/suebele/Library/Caches/typescript/4.0/node_modules/@types/vary/index.d.ts'
[20:57:0.365] Adding entry into typings cache: 'watchpack' => '/Users/suebele/Library/Caches/typescript/4.0/node_modules/@types/watchpack/index.d.ts'
[20:57:0.367] Adding entry into typings cache: 'webpack' => '/Users/suebele/Library/Caches/typescript/4.0/node_modules/webpack/types.d.ts'
[20:57:0.372] Adding entry into typings cache: 'webpack-sources' => '/Users/suebele/Library/Caches/typescript/4.0/node_modules/@types/webpack-sources/index.d.ts'
[20:57:0.373] Adding entry into typings cache: 'which' => '/Users/suebele/Library/Caches/typescript/4.0/node_modules/@types/which/index.d.ts'
[20:57:0.375] Adding entry into typings cache: 'wrap-ansi' => '/Users/suebele/Library/Caches/typescript/4.0/node_modules/@types/wrap-ansi/index.d.ts'
[20:57:0.377] Adding entry into typings cache: 'y18n' => '/Users/suebele/Library/Caches/typescript/4.0/node_modules/@types/y18n/index.d.ts'
[20:57:0.378] Adding entry into typings cache: 'yallist' => '/Users/suebele/Library/Caches/typescript/4.0/node_modules/@types/yallist/index.d.ts'
[20:57:0.380] Adding entry into typings cache: 'yargs' => '/Users/suebele/Library/Caches/typescript/4.0/node_modules/@types/yargs/index.d.ts'
[20:57:0.381] Adding entry into typings cache: 'yargs-parser' => '/Users/suebele/Library/Caches/typescript/4.0/node_modules/@types/yargs-parser/index.d.ts'
[20:57:0.381] Finished processing cache location '/Users/suebele/Library/Caches/typescript/4.0'
[20:57:0.381] Process id: 67591
[20:57:0.381] NPM location: /usr/local/bin/npm (explicit '--npmLocation' not  provided)
[20:57:0.382] validateDefaultNpmLocation: false
[20:57:0.382] Npm config file: /Users/suebele/Library/Caches/typescript/4.0/package.json
[20:57:0.382] Updating types-registry npm package...
[20:57:0.382] Exec: /usr/local/bin/npm install --ignore-scripts types-registry@latest
[20:57:2.53]     Succeeded. stdout:
    
    up to date, audited 370 packages in 1s

11 packages are looking for funding
  run `npm fund` for details

3 moderate severity vulnerabilities

To address all issues (including breaking changes), run:
  npm audit fix --force

Run `npm audit` for details.

[20:57:2.53] Updated types-registry npm package
