Info 0    [20:56:59.855] Starting TS Server
Info 1    [20:56:59.857] Version: 4.0.3
Info 2    [20:56:59.857] Arguments: /usr/local/bin/node /Users/suebele/htdocs/my-gatsby-site/app3/node_modules/.bin/tsserver --logFile /Users/suebele/htdocs/my-gatsby-site/.log/tsserver.log --logVerbosity info --cancellationPipeName /private/var/folders/t8/rbx9xxjj0_b63rncbjlp2v8x931gn7/T/58338b115da8b736ea918413d648a614/tscancellation*
Info 3    [20:56:59.857] Platform: darwin NodeVersion: 14 CaseSensitive: false
Info 4    [20:56:59.857] ServerMode: undefined syntaxOnly: false hasUnknownServerMode: undefined
Info 5    [20:56:59.873] Search path: /Users/suebele/htdocs/my-gatsby-site/app3/src
Info 6    [20:56:59.875] For info: /Users/suebele/htdocs/my-gatsby-site/app3/src/Search.tsx :: No config files found.
Info 7    [20:56:59.878] Starting updateGraphWorker: Project: /dev/null/inferredProject1*
Info 8    [20:57:1.435] Finishing updateGraphWorker: Project: /dev/null/inferredProject1* Version: 1 structureChanged: true Elapsed: 1557ms
Info 9    [20:57:1.435] Project '/dev/null/inferredProject1*' (Inferred)
Info 10   [20:57:1.435] 	Files (153)

Info 11   [20:57:1.435] -----------------------------------------------
Info 12   [20:57:1.472] Starting updateGraphWorker: Project: /dev/null/autoImportProviderProject1*
Info 13   [20:57:2.305] Finishing updateGraphWorker: Project: /dev/null/autoImportProviderProject1* Version: 1 structureChanged: true Elapsed: 833ms
Info 14   [20:57:2.305] Project '/dev/null/autoImportProviderProject1*' (AutoImportProvider)
Info 15   [20:57:2.305] 	Files (183)

Info 16   [20:57:2.305] -----------------------------------------------
Info 17   [20:57:2.402] Starting updateGraphWorker: Project: /dev/null/inferredProject1*
Info 18   [20:57:2.414] Finishing updateGraphWorker: Project: /dev/null/inferredProject1* Version: 2 structureChanged: false Elapsed: 12ms
Info 19   [20:57:2.414] Different program with same set of files:: oldProgram.structureIsReused:: 2
Err 20    [20:57:2.430] Exception on executing command {"command":"getApplicableRefactors","seq":18,"type":"request","arguments":{"file":"/Users/suebele/htdocs/my-gatsby-site/app3/src/Search.tsx","startLine":13,"startOffset":22,"endLine":13,"endOffset":22}}:

    Debug Failure. Expected 243 <= 222

    Error: Debug Failure. Expected 243 <= 222
        at Object.createFileDiagnostic (/Users/suebele/htdocs/my-gatsby-site/app3/node_modules/typescript/lib/tsserver.js:17802:22)
        at getRangeToExtract (/Users/suebele/htdocs/my-gatsby-site/app3/node_modules/typescript/lib/tsserver.js:138904:42)
        at Object.getAvailableActions (/Users/suebele/htdocs/my-gatsby-site/app3/node_modules/typescript/lib/tsserver.js:138709:38)
        at /Users/suebele/htdocs/my-gatsby-site/app3/node_modules/typescript/lib/tsserver.js:130651:128
        at getIterator (/Users/suebele/htdocs/my-gatsby-site/app3/node_modules/typescript/lib/tsserver.js:567:23)
        at Object.next (/Users/suebele/htdocs/my-gatsby-site/app3/node_modules/typescript/lib/tsserver.js:562:35)
        at Object.arrayFrom (/Users/suebele/htdocs/my-gatsby-site/app3/node_modules/typescript/lib/tsserver.js:1308:40)
        at Object.getApplicableRefactors (/Users/suebele/htdocs/my-gatsby-site/app3/node_modules/typescript/lib/tsserver.js:130650:23)
        at Object.getApplicableRefactors (/Users/suebele/htdocs/my-gatsby-site/app3/node_modules/typescript/lib/tsserver.js:144233:32)
        at IOSession.Session.getApplicableRefactors (/Users/suebele/htdocs/my-gatsby-site/app3/node_modules/typescript/lib/tsserver.js:154612:53)
        at Session.handlers.ts.Map.ts.getEntries._a.<computed> (/Users/suebele/htdocs/my-gatsby-site/app3/node_modules/typescript/lib/tsserver.js:153357:61)
        at /Users/suebele/htdocs/my-gatsby-site/app3/node_modules/typescript/lib/tsserver.js:154962:88
        at IOSession.Session.executeWithRequestId (/Users/suebele/htdocs/my-gatsby-site/app3/node_modules/typescript/lib/tsserver.js:154953:28)
        at IOSession.Session.executeCommand (/Users/suebele/htdocs/my-gatsby-site/app3/node_modules/typescript/lib/tsserver.js:154962:33)
        at IOSession.Session.onMessage (/Users/suebele/htdocs/my-gatsby-site/app3/node_modules/typescript/lib/tsserver.js:154986:35)
        at Interface.<anonymous> (/Users/suebele/htdocs/my-gatsby-site/app3/node_modules/typescript/lib/tsserver.js:157202:27)
        at Interface.emit (events.js:315:20)
        at Interface._onLine (readline.js:337:10)
        at Interface._normalWrite (readline.js:482:12)
        at Socket.ondata (readline.js:194:10)
        at Socket.emit (events.js:315:20)
        at addChunk (internal/streams/readable.js:309:12)
        at readableAddChunk (internal/streams/readable.js:284:9)
        at Socket.Readable.push (internal/streams/readable.js:223:10)
        at Pipe.onStreamRead (internal/stream_base_commons.js:188:23)
Info 21   [20:57:2.431] Before ensureProjectForOpenFiles:
Info 22   [20:57:2.431] After ensureProjectForOpenFiles:
Info 23   [20:57:2.431] got projects updated in background, updating diagnostics for /Users/suebele/htdocs/my-gatsby-site/app3/src/Search.tsx
Err 24    [20:57:2.433] Exception on executing command {"command":"getApplicableRefactors","seq":20,"type":"request","arguments":{"file":"/Users/suebele/htdocs/my-gatsby-site/app3/src/Search.tsx","startLine":13,"startOffset":22,"endLine":13,"endOffset":22}}:

    Debug Failure. Expected 243 <= 222

    Error: Debug Failure. Expected 243 <= 222
        at Object.createFileDiagnostic (/Users/suebele/htdocs/my-gatsby-site/app3/node_modules/typescript/lib/tsserver.js:17802:22)
        at getRangeToExtract (/Users/suebele/htdocs/my-gatsby-site/app3/node_modules/typescript/lib/tsserver.js:138904:42)
        at Object.getAvailableActions (/Users/suebele/htdocs/my-gatsby-site/app3/node_modules/typescript/lib/tsserver.js:138709:38)
        at /Users/suebele/htdocs/my-gatsby-site/app3/node_modules/typescript/lib/tsserver.js:130651:128
        at getIterator (/Users/suebele/htdocs/my-gatsby-site/app3/node_modules/typescript/lib/tsserver.js:567:23)
        at Object.next (/Users/suebele/htdocs/my-gatsby-site/app3/node_modules/typescript/lib/tsserver.js:562:35)
        at Object.arrayFrom (/Users/suebele/htdocs/my-gatsby-site/app3/node_modules/typescript/lib/tsserver.js:1308:40)
        at Object.getApplicableRefactors (/Users/suebele/htdocs/my-gatsby-site/app3/node_modules/typescript/lib/tsserver.js:130650:23)
        at Object.getApplicableRefactors (/Users/suebele/htdocs/my-gatsby-site/app3/node_modules/typescript/lib/tsserver.js:144233:32)
        at IOSession.Session.getApplicableRefactors (/Users/suebele/htdocs/my-gatsby-site/app3/node_modules/typescript/lib/tsserver.js:154612:53)
        at Session.handlers.ts.Map.ts.getEntries._a.<computed> (/Users/suebele/htdocs/my-gatsby-site/app3/node_modules/typescript/lib/tsserver.js:153357:61)
        at /Users/suebele/htdocs/my-gatsby-site/app3/node_modules/typescript/lib/tsserver.js:154962:88
        at IOSession.Session.executeWithRequestId (/Users/suebele/htdocs/my-gatsby-site/app3/node_modules/typescript/lib/tsserver.js:154953:28)
        at IOSession.Session.executeCommand (/Users/suebele/htdocs/my-gatsby-site/app3/node_modules/typescript/lib/tsserver.js:154962:33)
        at IOSession.Session.onMessage (/Users/suebele/htdocs/my-gatsby-site/app3/node_modules/typescript/lib/tsserver.js:154986:35)
        at Interface.<anonymous> (/Users/suebele/htdocs/my-gatsby-site/app3/node_modules/typescript/lib/tsserver.js:157202:27)
        at Interface.emit (events.js:315:20)
        at Interface._onLine (readline.js:337:10)
        at Interface._normalWrite (readline.js:482:12)
        at Socket.ondata (readline.js:194:10)
        at Socket.emit (events.js:315:20)
        at addChunk (internal/streams/readable.js:309:12)
        at readableAddChunk (internal/streams/readable.js:284:9)
        at Socket.Readable.push (internal/streams/readable.js:223:10)
        at Pipe.onStreamRead (internal/stream_base_commons.js:188:23)
Info 25   [20:57:3.743] Starting updateGraphWorker: Project: /dev/null/inferredProject1*
Info 26   [20:57:3.757] Finishing updateGraphWorker: Project: /dev/null/inferredProject1* Version: 3 structureChanged: false Elapsed: 14ms
Info 27   [20:57:3.757] Different program with same set of files:: oldProgram.structureIsReused:: 2
Info 28   [20:57:27.903] Starting updateGraphWorker: Project: /dev/null/inferredProject1*
Info 29   [20:57:27.923] Finishing updateGraphWorker: Project: /dev/null/inferredProject1* Version: 4 structureChanged: false Elapsed: 20ms
Info 30   [20:57:27.923] Different program with same set of files:: oldProgram.structureIsReused:: 2
Info 31   [20:57:28.733] Starting updateGraphWorker: Project: /dev/null/inferredProject1*
Info 32   [20:57:28.748] Finishing updateGraphWorker: Project: /dev/null/inferredProject1* Version: 5 structureChanged: false Elapsed: 14ms
Info 33   [20:57:28.748] Different program with same set of files:: oldProgram.structureIsReused:: 2
Info 34   [20:57:29.679] Starting updateGraphWorker: Project: /dev/null/inferredProject1*
Info 35   [20:57:29.689] Finishing updateGraphWorker: Project: /dev/null/inferredProject1* Version: 6 structureChanged: false Elapsed: 10ms
Info 36   [20:57:29.689] Different program with same set of files:: oldProgram.structureIsReused:: 2
Info 37   [20:57:31.113] Starting updateGraphWorker: Project: /dev/null/inferredProject1*
Info 38   [20:57:31.125] Finishing updateGraphWorker: Project: /dev/null/inferredProject1* Version: 7 structureChanged: false Elapsed: 12ms
Info 39   [20:57:31.125] Different program with same set of files:: oldProgram.structureIsReused:: 2
Info 40   [21:0:6.435] Search path: /Users/suebele/htdocs/my-gatsby-site/app3/src
Info 41   [21:0:6.435] For info: /Users/suebele/htdocs/my-gatsby-site/app3/src/App.tsx :: No config files found.
Info 42   [21:0:6.439] Starting updateGraphWorker: Project: /dev/null/inferredProject2*
Info 43   [21:0:6.620] Finishing updateGraphWorker: Project: /dev/null/inferredProject2* Version: 1 structureChanged: true Elapsed: 181ms
Info 44   [21:0:6.620] Project '/dev/null/inferredProject2*' (Inferred)
Info 45   [21:0:6.620] 	Files (154)

Info 46   [21:0:6.620] -----------------------------------------------
Info 47   [21:0:6.663] Starting updateGraphWorker: Project: /dev/null/autoImportProviderProject2*
Info 48   [21:0:6.845] Finishing updateGraphWorker: Project: /dev/null/autoImportProviderProject2* Version: 1 structureChanged: true Elapsed: 182ms
Info 49   [21:0:6.845] Project '/dev/null/autoImportProviderProject2*' (AutoImportProvider)
Info 50   [21:0:6.845] 	Files (183)

Info 51   [21:0:6.845] -----------------------------------------------
Info 52   [21:0:6.846] `remove Project::
Info 53   [21:0:6.846] Project '/dev/null/inferredProject1*' (Inferred)
Info 54   [21:0:6.846] 	Files (153)

Info 55   [21:0:6.846] -----------------------------------------------
Info 56   [21:0:6.847] Project '/dev/null/autoImportProviderProject1*' (AutoImportProvider)
Info 57   [21:0:6.847] 	Files (183)

Info 58   [21:0:6.847] -----------------------------------------------
Info 59   [21:0:6.854] Starting updateGraphWorker: Project: /dev/null/inferredProject2*
Info 60   [21:0:6.863] Finishing updateGraphWorker: Project: /dev/null/inferredProject2* Version: 2 structureChanged: false Elapsed: 9ms
Info 61   [21:0:6.864] Different program with same set of files:: oldProgram.structureIsReused:: 2
Info 62   [21:0:14.960] Starting updateGraphWorker: Project: /dev/null/inferredProject2*
Info 63   [21:0:14.972] Finishing updateGraphWorker: Project: /dev/null/inferredProject2* Version: 3 structureChanged: false Elapsed: 12ms
Info 64   [21:0:14.972] Different program with same set of files:: oldProgram.structureIsReused:: 2
Info 65   [21:0:15.243] Starting updateGraphWorker: Project: /dev/null/inferredProject2*
Info 66   [21:0:15.260] Finishing updateGraphWorker: Project: /dev/null/inferredProject2* Version: 4 structureChanged: false Elapsed: 17ms
Info 67   [21:0:15.260] Different program with same set of files:: oldProgram.structureIsReused:: 2
Info 68   [21:0:15.443] Starting updateGraphWorker: Project: /dev/null/inferredProject2*
Info 69   [21:0:15.514] Finishing updateGraphWorker: Project: /dev/null/inferredProject2* Version: 5 structureChanged: true Elapsed: 71ms
Info 70   [21:0:15.514] Different program with same set of files:: oldProgram.structureIsReused:: 1
Info 71   [21:0:15.831] Starting updateGraphWorker: Project: /dev/null/inferredProject2*
Info 72   [21:0:15.874] Finishing updateGraphWorker: Project: /dev/null/inferredProject2* Version: 6 structureChanged: true Elapsed: 43ms
Info 73   [21:0:15.874] Different program with same set of files:: oldProgram.structureIsReused:: 1
Info 74   [21:0:15.875] Starting updateGraphWorker: Project: /dev/null/inferredProject2*
Info 75   [21:0:15.885] Finishing updateGraphWorker: Project: /dev/null/inferredProject2* Version: 7 structureChanged: false Elapsed: 10ms
Info 76   [21:0:15.885] Different program with same set of files:: oldProgram.structureIsReused:: 2
Info 77   [21:0:16.392] Starting updateGraphWorker: Project: /dev/null/inferredProject2*
Info 78   [21:0:16.405] Finishing updateGraphWorker: Project: /dev/null/inferredProject2* Version: 8 structureChanged: false Elapsed: 13ms
Info 79   [21:0:16.405] Different program with same set of files:: oldProgram.structureIsReused:: 2
Info 80   [21:0:17.160] Starting updateGraphWorker: Project: /dev/null/inferredProject2*
Info 81   [21:0:17.170] Finishing updateGraphWorker: Project: /dev/null/inferredProject2* Version: 9 structureChanged: false Elapsed: 10ms
Info 82   [21:0:17.170] Different program with same set of files:: oldProgram.structureIsReused:: 2
Info 83   [21:2:10.863] Starting updateGraphWorker: Project: /dev/null/inferredProject2*
Info 84   [21:2:10.880] Finishing updateGraphWorker: Project: /dev/null/inferredProject2* Version: 10 structureChanged: false Elapsed: 15ms
Info 85   [21:2:10.880] Different program with same set of files:: oldProgram.structureIsReused:: 2
Info 86   [21:2:10.882] getCompletionData: Get current token: 0
Info 87   [21:2:10.882] getCompletionData: Is inside comment: 0
Info 88   [21:2:10.883] getCompletionData: Get previous token 1: 1
Info 89   [21:2:10.883] getCompletionData: Get previous token 2: 0
Info 90   [21:2:10.883] getCompletionsAtPosition: isCompletionListBlocker: 0
Info 91   [21:2:10.934] getCompletionData: Semantic work: 51
Info 92   [21:2:10.940] getCompletionsAtPosition: getCompletionEntriesFromSymbols: 4
Info 93   [21:2:11.114] Starting updateGraphWorker: Project: /dev/null/inferredProject2*
Info 94   [21:2:11.121] Finishing updateGraphWorker: Project: /dev/null/inferredProject2* Version: 11 structureChanged: false Elapsed: 7ms
Info 95   [21:2:11.121] Different program with same set of files:: oldProgram.structureIsReused:: 2
Info 96   [21:2:11.906] Starting updateGraphWorker: Project: /dev/null/inferredProject2*
Info 97   [21:2:11.919] Finishing updateGraphWorker: Project: /dev/null/inferredProject2* Version: 12 structureChanged: false Elapsed: 13ms
Info 98   [21:2:11.919] Different program with same set of files:: oldProgram.structureIsReused:: 2
Info 99   [21:2:13.44] Starting updateGraphWorker: Project: /dev/null/inferredProject2*
Info 100  [21:2:13.56] Finishing updateGraphWorker: Project: /dev/null/inferredProject2* Version: 13 structureChanged: false Elapsed: 12ms
Info 101  [21:2:13.56] Different program with same set of files:: oldProgram.structureIsReused:: 2
Info 102  [21:2:14.448] Starting updateGraphWorker: Project: /dev/null/inferredProject2*
Info 103  [21:2:14.457] Finishing updateGraphWorker: Project: /dev/null/inferredProject2* Version: 14 structureChanged: false Elapsed: 9ms
Info 104  [21:2:14.457] Different program with same set of files:: oldProgram.structureIsReused:: 2
Info 105  [21:2:14.748] Starting updateGraphWorker: Project: /dev/null/inferredProject2*
Info 106  [21:2:14.756] Finishing updateGraphWorker: Project: /dev/null/inferredProject2* Version: 15 structureChanged: false Elapsed: 8ms
Info 107  [21:2:14.756] Different program with same set of files:: oldProgram.structureIsReused:: 2
Info 108  [21:2:15.989] Starting updateGraphWorker: Project: /dev/null/inferredProject2*
Info 109  [21:2:15.997] Finishing updateGraphWorker: Project: /dev/null/inferredProject2* Version: 16 structureChanged: false Elapsed: 8ms
Info 110  [21:2:15.997] Different program with same set of files:: oldProgram.structureIsReused:: 2
Info 111  [21:2:15.997] getCompletionData: Get current token: 0
Info 112  [21:2:15.997] getCompletionData: Is inside comment: 0
Info 113  [21:2:15.997] getCompletionData: Get previous token 1: 0
Info 114  [21:2:15.998] getCompletionData: Get previous token 2: 1
Info 115  [21:2:15.998] getCompletionsAtPosition: isCompletionListBlocker: 0
Info 116  [21:2:16.6] getSymbolsFromOtherSourceFileExports: Recomputing list
Info 117  [21:2:16.19] forEachExternalModuleToImportFrom: filtered out 109 modules by package.json contents
Info 118  [21:2:16.41] forEachExternalModuleToImportFrom: filtered out 176 modules by package.json contents
Info 119  [21:2:16.41] forEachExternalModuleToImportFrom autoImportProvider: 22
Info 120  [21:2:16.41] getSymbolsFromOtherSourceFileExports: 35
Info 121  [21:2:16.46] getCompletionData: Semantic work: 48
Info 122  [21:2:16.111] getCompletionsAtPosition: getCompletionEntriesFromSymbols: 14
Info 123  [21:2:16.159] Starting updateGraphWorker: Project: /dev/null/inferredProject2*
Info 124  [21:2:16.169] Finishing updateGraphWorker: Project: /dev/null/inferredProject2* Version: 17 structureChanged: false Elapsed: 10ms
Info 125  [21:2:16.169] Different program with same set of files:: oldProgram.structureIsReused:: 2
Info 126  [21:2:16.170] getCompletionData: Get current token: 0
Info 127  [21:2:16.170] getCompletionData: Is inside comment: 0
Info 128  [21:2:16.170] getCompletionData: Get previous token 1: 0
Info 129  [21:2:16.170] getCompletionData: Get previous token 2: 0
Info 130  [21:2:16.170] getCompletionsAtPosition: isCompletionListBlocker: 0
Info 131  [21:2:16.175] getSymbolsFromOtherSourceFileExports: Using cached list
Info 132  [21:2:16.177] getCompletionData: Semantic work: 7
Info 133  [21:2:16.216] getCompletionsAtPosition: getCompletionEntriesFromSymbols: 9
Info 134  [21:2:16.225] Starting updateGraphWorker: Project: /dev/null/inferredProject2*
Info 135  [21:2:16.234] Finishing updateGraphWorker: Project: /dev/null/inferredProject2* Version: 18 structureChanged: false Elapsed: 9ms
Info 136  [21:2:16.234] Different program with same set of files:: oldProgram.structureIsReused:: 2
Info 137  [21:2:16.235] getCompletionData: Get current token: 0
Info 138  [21:2:16.235] getCompletionData: Is inside comment: 0
Info 139  [21:2:16.235] getCompletionData: Get previous token 1: 0
Info 140  [21:2:16.235] getCompletionData: Get previous token 2: 0
Info 141  [21:2:16.235] getCompletionsAtPosition: isCompletionListBlocker: 0
Info 142  [21:2:16.239] getSymbolsFromOtherSourceFileExports: Using cached list
Info 143  [21:2:16.242] getCompletionData: Semantic work: 7
Info 144  [21:2:16.277] getCompletionsAtPosition: getCompletionEntriesFromSymbols: 8
Info 145  [21:2:16.293] Starting updateGraphWorker: Project: /dev/null/inferredProject2*
Info 146  [21:2:16.300] Finishing updateGraphWorker: Project: /dev/null/inferredProject2* Version: 19 structureChanged: false Elapsed: 7ms
Info 147  [21:2:16.301] Different program with same set of files:: oldProgram.structureIsReused:: 2
Info 148  [21:2:16.301] getCompletionData: Get current token: 0
Info 149  [21:2:16.301] getCompletionData: Is inside comment: 0
Info 150  [21:2:16.301] getCompletionData: Get previous token 1: 0
Info 151  [21:2:16.301] getCompletionData: Get previous token 2: 0
Info 152  [21:2:16.301] getCompletionsAtPosition: isCompletionListBlocker: 0
Info 153  [21:2:16.304] getSymbolsFromOtherSourceFileExports: Using cached list
Info 154  [21:2:16.306] getCompletionData: Semantic work: 5
Info 155  [21:2:16.340] getCompletionsAtPosition: getCompletionEntriesFromSymbols: 5
Info 156  [21:2:16.783] Starting updateGraphWorker: Project: /dev/null/inferredProject2*
Info 157  [21:2:16.798] Finishing updateGraphWorker: Project: /dev/null/inferredProject2* Version: 20 structureChanged: false Elapsed: 15ms
Info 158  [21:2:16.798] Different program with same set of files:: oldProgram.structureIsReused:: 2
Info 159  [21:2:19.120] Starting updateGraphWorker: Project: /dev/null/inferredProject2*
Info 160  [21:2:19.131] Finishing updateGraphWorker: Project: /dev/null/inferredProject2* Version: 21 structureChanged: false Elapsed: 10ms
Info 161  [21:2:19.131] Different program with same set of files:: oldProgram.structureIsReused:: 2
Info 162  [21:2:19.393] Starting updateGraphWorker: Project: /dev/null/inferredProject2*
Info 163  [21:2:19.401] Finishing updateGraphWorker: Project: /dev/null/inferredProject2* Version: 22 structureChanged: false Elapsed: 8ms
Info 164  [21:2:19.401] Different program with same set of files:: oldProgram.structureIsReused:: 2
Info 165  [21:2:20.136] Starting updateGraphWorker: Project: /dev/null/inferredProject2*
Info 166  [21:2:20.147] Finishing updateGraphWorker: Project: /dev/null/inferredProject2* Version: 23 structureChanged: false Elapsed: 11ms
Info 167  [21:2:20.147] Different program with same set of files:: oldProgram.structureIsReused:: 2
Info 168  [21:2:20.147] getCompletionData: Get current token: 0
Info 169  [21:2:20.147] getCompletionData: Is inside comment: 0
Info 170  [21:2:20.147] getCompletionData: Get previous token 1: 0
Info 171  [21:2:20.148] getCompletionData: Get previous token 2: 0
Info 172  [21:2:20.148] getCompletionsAtPosition: isCompletionListBlocker: 0
Info 173  [21:2:20.148] Returning an empty list because completion was requested in an invalid position.
Info 174  [21:2:20.159] getCompletionData: Get current token: 0
Info 175  [21:2:20.160] getCompletionData: Is inside comment: 0
Info 176  [21:2:20.160] getCompletionData: Get previous token 1: 0
Info 177  [21:2:20.160] getCompletionData: Get previous token 2: 0
Info 178  [21:2:20.160] getCompletionsAtPosition: isCompletionListBlocker: 0
Info 179  [21:2:20.160] Returning an empty list because completion was requested in an invalid position.
Info 180  [21:2:20.161] getCompletionData: Get current token: 0
Info 181  [21:2:20.161] getCompletionData: Is inside comment: 0
Info 182  [21:2:20.161] getCompletionData: Get previous token 1: 0
Info 183  [21:2:20.162] getCompletionData: Get previous token 2: 0
Info 184  [21:2:20.162] getCompletionsAtPosition: isCompletionListBlocker: 0
Info 185  [21:2:20.162] Returning an empty list because completion was requested in an invalid position.
Info 186  [21:2:21.283] Starting updateGraphWorker: Project: /dev/null/inferredProject2*
Info 187  [21:2:21.292] Finishing updateGraphWorker: Project: /dev/null/inferredProject2* Version: 24 structureChanged: false Elapsed: 9ms
Info 188  [21:2:21.292] Different program with same set of files:: oldProgram.structureIsReused:: 2
Info 189  [21:2:21.292] getCompletionData: Get current token: 0
Info 190  [21:2:21.292] getCompletionData: Is inside comment: 0
Info 191  [21:2:21.292] getCompletionData: Get previous token 1: 0
Info 192  [21:2:21.292] getCompletionData: Get previous token 2: 0
Info 193  [21:2:21.293] getCompletionsAtPosition: isCompletionListBlocker: 0
Info 194  [21:2:21.293] Returning an empty list because completion was requested in an invalid position.
Info 195  [21:2:21.308] getCompletionData: Get current token: 0
Info 196  [21:2:21.308] getCompletionData: Is inside comment: 0
Info 197  [21:2:21.308] getCompletionData: Get previous token 1: 0
Info 198  [21:2:21.308] getCompletionData: Get previous token 2: 0
Info 199  [21:2:21.308] getCompletionsAtPosition: isCompletionListBlocker: 0
Info 200  [21:2:21.308] Returning an empty list because completion was requested in an invalid position.
Info 201  [21:2:21.310] getCompletionData: Get current token: 0
Info 202  [21:2:21.310] getCompletionData: Is inside comment: 0
Info 203  [21:2:21.310] getCompletionData: Get previous token 1: 0
Info 204  [21:2:21.310] getCompletionData: Get previous token 2: 0
Info 205  [21:2:21.310] getCompletionsAtPosition: isCompletionListBlocker: 0
Info 206  [21:2:21.310] Returning an empty list because completion was requested in an invalid position.
Info 207  [21:2:22.342] Starting updateGraphWorker: Project: /dev/null/inferredProject2*
Info 208  [21:2:22.349] Finishing updateGraphWorker: Project: /dev/null/inferredProject2* Version: 25 structureChanged: false Elapsed: 7ms
Info 209  [21:2:22.349] Different program with same set of files:: oldProgram.structureIsReused:: 2
Info 210  [21:2:22.579] Starting updateGraphWorker: Project: /dev/null/inferredProject2*
Info 211  [21:2:22.590] Finishing updateGraphWorker: Project: /dev/null/inferredProject2* Version: 26 structureChanged: false Elapsed: 11ms
Info 212  [21:2:22.590] Different program with same set of files:: oldProgram.structureIsReused:: 2
Info 213  [21:2:23.253] Starting updateGraphWorker: Project: /dev/null/inferredProject2*
Info 214  [21:2:23.262] Finishing updateGraphWorker: Project: /dev/null/inferredProject2* Version: 27 structureChanged: false Elapsed: 9ms
Info 215  [21:2:23.262] Different program with same set of files:: oldProgram.structureIsReused:: 2
Info 216  [21:2:24.656] Starting updateGraphWorker: Project: /dev/null/inferredProject2*
Info 217  [21:2:24.665] Finishing updateGraphWorker: Project: /dev/null/inferredProject2* Version: 28 structureChanged: false Elapsed: 9ms
Info 218  [21:2:24.666] Different program with same set of files:: oldProgram.structureIsReused:: 2
Info 219  [21:2:25.207] Starting updateGraphWorker: Project: /dev/null/inferredProject2*
Info 220  [21:2:25.216] Finishing updateGraphWorker: Project: /dev/null/inferredProject2* Version: 29 structureChanged: false Elapsed: 9ms
Info 221  [21:2:25.216] Different program with same set of files:: oldProgram.structureIsReused:: 2
Info 222  [21:2:25.681] Starting updateGraphWorker: Project: /dev/null/inferredProject2*
Info 223  [21:2:25.695] Finishing updateGraphWorker: Project: /dev/null/inferredProject2* Version: 30 structureChanged: false Elapsed: 14ms
Info 224  [21:2:25.695] Different program with same set of files:: oldProgram.structureIsReused:: 2
Info 225  [21:2:26.489] Starting updateGraphWorker: Project: /dev/null/inferredProject2*
Info 226  [21:2:26.498] Finishing updateGraphWorker: Project: /dev/null/inferredProject2* Version: 31 structureChanged: false Elapsed: 8ms
Info 227  [21:2:26.498] Different program with same set of files:: oldProgram.structureIsReused:: 2
Info 228  [21:2:28.171] Starting updateGraphWorker: Project: /dev/null/inferredProject2*
Info 229  [21:2:28.180] Finishing updateGraphWorker: Project: /dev/null/inferredProject2* Version: 32 structureChanged: false Elapsed: 8ms
Info 230  [21:2:28.180] Different program with same set of files:: oldProgram.structureIsReused:: 2
Info 231  [21:2:28.180] getCompletionData: Get current token: 0
Info 232  [21:2:28.180] getCompletionData: Is inside comment: 0
Info 233  [21:2:28.180] getCompletionData: Get previous token 1: 0
Info 234  [21:2:28.180] getCompletionData: Get previous token 2: 0
Info 235  [21:2:28.180] getCompletionsAtPosition: isCompletionListBlocker: 0
Info 236  [21:2:28.187] getSymbolsFromOtherSourceFileExports: Using cached list
Info 237  [21:2:28.193] getCompletionData: Semantic work: 13
Info 238  [21:2:28.205] getCompletionsAtPosition: getCompletionEntriesFromSymbols: 12
Info 239  [21:2:28.213] getCompletionData: Get current token: 0
Info 240  [21:2:28.213] getCompletionData: Is inside comment: 0
Info 241  [21:2:28.213] getCompletionData: Get previous token 1: 0
Info 242  [21:2:28.213] getCompletionData: Get previous token 2: 0
Info 243  [21:2:28.213] getCompletionsAtPosition: isCompletionListBlocker: 0
Info 244  [21:2:28.218] getSymbolsFromOtherSourceFileExports: Using cached list
Info 245  [21:2:28.221] getCompletionData: Semantic work: 7
Info 246  [21:2:28.234] getCompletionsAtPosition: getCompletionEntriesFromSymbols: 12
Info 247  [21:2:28.240] getCompletionData: Get current token: 0
Info 248  [21:2:28.240] getCompletionData: Is inside comment: 0
Info 249  [21:2:28.240] getCompletionData: Get previous token 1: 0
Info 250  [21:2:28.240] getCompletionData: Get previous token 2: 0
Info 251  [21:2:28.241] getCompletionsAtPosition: isCompletionListBlocker: 0
Info 252  [21:2:28.244] getSymbolsFromOtherSourceFileExports: Using cached list
Info 253  [21:2:28.246] getCompletionData: Semantic work: 5
Info 254  [21:2:28.250] getCompletionsAtPosition: getCompletionEntriesFromSymbols: 4
Info 255  [21:2:28.389] Starting updateGraphWorker: Project: /dev/null/inferredProject2*
Info 256  [21:2:28.398] Finishing updateGraphWorker: Project: /dev/null/inferredProject2* Version: 33 structureChanged: false Elapsed: 9ms
Info 257  [21:2:28.398] Different program with same set of files:: oldProgram.structureIsReused:: 2
Info 258  [21:2:28.398] getCompletionData: Get current token: 0
Info 259  [21:2:28.398] getCompletionData: Is inside comment: 0
Info 260  [21:2:28.398] getCompletionData: Get previous token 1: 0
Info 261  [21:2:28.398] getCompletionData: Get previous token 2: 0
Info 262  [21:2:28.398] getCompletionsAtPosition: isCompletionListBlocker: 0
Info 263  [21:2:28.401] getSymbolsFromOtherSourceFileExports: Using cached list
Info 264  [21:2:28.403] getCompletionData: Semantic work: 5
Info 265  [21:2:28.409] getCompletionsAtPosition: getCompletionEntriesFromSymbols: 5
Info 266  [21:2:29.40] Starting updateGraphWorker: Project: /dev/null/inferredProject2*
Info 267  [21:2:29.49] Finishing updateGraphWorker: Project: /dev/null/inferredProject2* Version: 34 structureChanged: false Elapsed: 9ms
Info 268  [21:2:29.49] Different program with same set of files:: oldProgram.structureIsReused:: 2
Info 269  [21:2:29.230] Starting updateGraphWorker: Project: /dev/null/inferredProject2*
Info 270  [21:2:29.237] Finishing updateGraphWorker: Project: /dev/null/inferredProject2* Version: 35 structureChanged: false Elapsed: 7ms
Info 271  [21:2:29.237] Different program with same set of files:: oldProgram.structureIsReused:: 2
Info 272  [21:2:29.238] getCompletionData: Get current token: 1
Info 273  [21:2:29.238] getCompletionData: Is inside comment: 0
Info 274  [21:2:29.238] getCompletionData: Get previous token 1: 0
Info 275  [21:2:29.238] getCompletionData: Get previous token 2: 0
Info 276  [21:2:29.238] getCompletionsAtPosition: isCompletionListBlocker: 0
Info 277  [21:2:29.240] getSymbolsFromOtherSourceFileExports: Recomputing list for details entry
Info 278  [21:2:29.262] forEachExternalModuleToImportFrom: filtered out 0 modules by package.json contents
Info 279  [21:2:29.300] forEachExternalModuleToImportFrom: filtered out 0 modules by package.json contents
Info 280  [21:2:29.300] forEachExternalModuleToImportFrom autoImportProvider: 38
Info 281  [21:2:29.302] getSymbolsFromOtherSourceFileExports: 62
Info 282  [21:2:29.309] getCompletionData: Semantic work: 71
Info 283  [21:2:29.312] getCompletionData: Get current token: 0
Info 284  [21:2:29.313] getCompletionData: Is inside comment: 0
Info 285  [21:2:29.313] getCompletionData: Get previous token 1: 0
Info 286  [21:2:29.313] getCompletionData: Get previous token 2: 0
Info 287  [21:2:29.313] getCompletionsAtPosition: isCompletionListBlocker: 0
Info 288  [21:2:29.316] getSymbolsFromOtherSourceFileExports: Recomputing list for details entry
Info 289  [21:2:29.324] forEachExternalModuleToImportFrom: filtered out 0 modules by package.json contents
Info 290  [21:2:29.348] forEachExternalModuleToImportFrom: filtered out 0 modules by package.json contents
Info 291  [21:2:29.348] forEachExternalModuleToImportFrom autoImportProvider: 24
Info 292  [21:2:29.349] getSymbolsFromOtherSourceFileExports: 33
Info 293  [21:2:29.352] getCompletionData: Semantic work: 39
Info 294  [21:2:30.106] Starting updateGraphWorker: Project: /dev/null/inferredProject2*
Info 295  [21:2:30.114] Finishing updateGraphWorker: Project: /dev/null/inferredProject2* Version: 36 structureChanged: false Elapsed: 8ms
Info 296  [21:2:30.114] Different program with same set of files:: oldProgram.structureIsReused:: 2
Info 297  [21:2:30.350] Starting updateGraphWorker: Project: /dev/null/inferredProject2*
Info 298  [21:2:30.359] Finishing updateGraphWorker: Project: /dev/null/inferredProject2* Version: 37 structureChanged: false Elapsed: 9ms
Info 299  [21:2:30.359] Different program with same set of files:: oldProgram.structureIsReused:: 2
Info 300  [21:2:31.73] Starting updateGraphWorker: Project: /dev/null/inferredProject2*
Info 301  [21:2:31.85] Finishing updateGraphWorker: Project: /dev/null/inferredProject2* Version: 38 structureChanged: false Elapsed: 12ms
Info 302  [21:2:31.85] Different program with same set of files:: oldProgram.structureIsReused:: 2
Info 303  [21:2:31.254] Starting updateGraphWorker: Project: /dev/null/inferredProject2*
Info 304  [21:2:31.261] Finishing updateGraphWorker: Project: /dev/null/inferredProject2* Version: 39 structureChanged: false Elapsed: 7ms
Info 305  [21:2:31.261] Different program with same set of files:: oldProgram.structureIsReused:: 2
Info 306  [21:2:31.458] getCompletionData: Get current token: 1
Info 307  [21:2:31.458] getCompletionData: Is inside comment: 0
Info 308  [21:2:31.458] getCompletionData: Get previous token 1: 0
Info 309  [21:2:31.458] getCompletionsAtPosition: isCompletionListBlocker: 0
Info 310  [21:2:31.459] getCompletionData: Semantic work: 1
Info 311  [21:2:31.460] getCompletionData: Get current token: 0
Info 312  [21:2:31.461] getCompletionData: Is inside comment: 0
Info 313  [21:2:31.461] getCompletionData: Get previous token 1: 0
Info 314  [21:2:31.461] getCompletionsAtPosition: isCompletionListBlocker: 0
Info 315  [21:2:31.461] getCompletionData: Semantic work: 0
Info 316  [21:2:31.462] getCompletionData: Get current token: 0
Info 317  [21:2:31.463] getCompletionData: Is inside comment: 0
Info 318  [21:2:31.463] getCompletionData: Get previous token 1: 0
Info 319  [21:2:31.463] getCompletionsAtPosition: isCompletionListBlocker: 0
Info 320  [21:2:31.463] getCompletionData: Semantic work: 0
Info 321  [21:2:31.559] Starting updateGraphWorker: Project: /dev/null/inferredProject2*
Info 322  [21:2:31.567] Finishing updateGraphWorker: Project: /dev/null/inferredProject2* Version: 40 structureChanged: false Elapsed: 8ms
Info 323  [21:2:31.567] Different program with same set of files:: oldProgram.structureIsReused:: 2
Info 324  [21:2:31.754] Starting updateGraphWorker: Project: /dev/null/inferredProject2*
Info 325  [21:2:31.764] Finishing updateGraphWorker: Project: /dev/null/inferredProject2* Version: 41 structureChanged: false Elapsed: 10ms
Info 326  [21:2:31.764] Different program with same set of files:: oldProgram.structureIsReused:: 2
Info 327  [21:2:31.956] getCompletionData: Get current token: 0
Info 328  [21:2:31.956] getCompletionData: Is inside comment: 0
Info 329  [21:2:31.957] getCompletionData: Get previous token 1: 1
Info 330  [21:2:31.957] getCompletionData: Get previous token 2: 0
Info 331  [21:2:31.957] getCompletionsAtPosition: isCompletionListBlocker: 0
Info 332  [21:2:31.957] getCompletionData: Semantic work: 0
Info 333  [21:2:31.959] getCompletionData: Get current token: 0
Info 334  [21:2:31.959] getCompletionData: Is inside comment: 0
Info 335  [21:2:31.959] getCompletionData: Get previous token 1: 0
Info 336  [21:2:31.960] getCompletionData: Get previous token 2: 0
Info 337  [21:2:31.960] getCompletionsAtPosition: isCompletionListBlocker: 0
Info 338  [21:2:31.960] getCompletionData: Semantic work: 0
Info 339  [21:2:31.977] getCompletionData: Get current token: 0
Info 340  [21:2:31.977] getCompletionData: Is inside comment: 0
Info 341  [21:2:31.977] getCompletionData: Get previous token 1: 0
Info 342  [21:2:31.977] getCompletionData: Get previous token 2: 0
Info 343  [21:2:31.977] getCompletionsAtPosition: isCompletionListBlocker: 0
Info 344  [21:2:31.977] getCompletionData: Semantic work: 0
Info 345  [21:2:32.403] Starting updateGraphWorker: Project: /dev/null/inferredProject2*
Info 346  [21:2:32.411] Finishing updateGraphWorker: Project: /dev/null/inferredProject2* Version: 42 structureChanged: false Elapsed: 8ms
Info 347  [21:2:32.411] Different program with same set of files:: oldProgram.structureIsReused:: 2
Info 348  [21:2:32.606] getCompletionData: Get current token: 0
Info 349  [21:2:32.607] getCompletionData: Is inside comment: 0
Info 350  [21:2:32.607] getCompletionData: Get previous token 1: 0
Info 351  [21:2:32.607] getCompletionData: Get previous token 2: 0
Info 352  [21:2:32.607] getCompletionsAtPosition: isCompletionListBlocker: 0
Info 353  [21:2:32.607] getCompletionData: Semantic work: 0
Info 354  [21:2:32.609] getCompletionData: Get current token: 0
Info 355  [21:2:32.609] getCompletionData: Is inside comment: 0
Info 356  [21:2:32.609] getCompletionData: Get previous token 1: 0
Info 357  [21:2:32.610] getCompletionData: Get previous token 2: 1
Info 358  [21:2:32.610] getCompletionsAtPosition: isCompletionListBlocker: 0
Info 359  [21:2:32.610] getCompletionData: Semantic work: 0
Info 360  [21:2:32.627] getCompletionData: Get current token: 0
Info 361  [21:2:32.627] getCompletionData: Is inside comment: 0
Info 362  [21:2:32.628] getCompletionData: Get previous token 1: 1
Info 363  [21:2:32.628] getCompletionData: Get previous token 2: 0
Info 364  [21:2:32.628] getCompletionsAtPosition: isCompletionListBlocker: 0
Info 365  [21:2:32.628] getCompletionData: Semantic work: 0
Info 366  [21:2:32.649] Starting updateGraphWorker: Project: /dev/null/inferredProject2*
Info 367  [21:2:32.657] Finishing updateGraphWorker: Project: /dev/null/inferredProject2* Version: 43 structureChanged: false Elapsed: 8ms
Info 368  [21:2:32.657] Different program with same set of files:: oldProgram.structureIsReused:: 2
Info 369  [21:2:32.809] Starting updateGraphWorker: Project: /dev/null/inferredProject2*
Info 370  [21:2:32.819] Finishing updateGraphWorker: Project: /dev/null/inferredProject2* Version: 44 structureChanged: false Elapsed: 10ms
Info 371  [21:2:32.819] Different program with same set of files:: oldProgram.structureIsReused:: 2
Info 372  [21:2:32.916] Starting updateGraphWorker: Project: /dev/null/inferredProject2*
Info 373  [21:2:32.924] Finishing updateGraphWorker: Project: /dev/null/inferredProject2* Version: 45 structureChanged: false Elapsed: 8ms
Info 374  [21:2:32.924] Different program with same set of files:: oldProgram.structureIsReused:: 2
Info 375  [21:2:33.120] getCompletionData: Get current token: 0
Info 376  [21:2:33.120] getCompletionData: Is inside comment: 0
Info 377  [21:2:33.120] getCompletionData: Get previous token 1: 0
Info 378  [21:2:33.120] getCompletionData: Get previous token 2: 0
Info 379  [21:2:33.120] getCompletionsAtPosition: isCompletionListBlocker: 0
Info 380  [21:2:33.120] getCompletionData: Semantic work: 0
Info 381  [21:2:33.122] getCompletionData: Get current token: 0
Info 382  [21:2:33.122] getCompletionData: Is inside comment: 0
Info 383  [21:2:33.122] getCompletionData: Get previous token 1: 0
Info 384  [21:2:33.122] getCompletionData: Get previous token 2: 0
Info 385  [21:2:33.122] getCompletionsAtPosition: isCompletionListBlocker: 0
Info 386  [21:2:33.123] getCompletionData: Semantic work: 0
Info 387  [21:2:33.124] getCompletionData: Get current token: 0
Info 388  [21:2:33.125] getCompletionData: Is inside comment: 1
Info 389  [21:2:33.125] getCompletionData: Get previous token 1: 0
Info 390  [21:2:33.125] getCompletionData: Get previous token 2: 0
Info 391  [21:2:33.125] getCompletionsAtPosition: isCompletionListBlocker: 0
Info 392  [21:2:33.125] getCompletionData: Semantic work: 0
Info 393  [21:2:33.834] Starting updateGraphWorker: Project: /dev/null/inferredProject2*
Info 394  [21:2:33.845] Finishing updateGraphWorker: Project: /dev/null/inferredProject2* Version: 46 structureChanged: false Elapsed: 11ms
Info 395  [21:2:33.845] Different program with same set of files:: oldProgram.structureIsReused:: 2
Info 396  [21:2:34.39] getCompletionData: Get current token: 0
Info 397  [21:2:34.39] getCompletionData: Is inside comment: 0
Info 398  [21:2:34.39] getCompletionData: Get previous token 1: 0
Info 399  [21:2:34.39] getCompletionsAtPosition: isCompletionListBlocker: 0
Info 400  [21:2:34.40] getCompletionData: Semantic work: 1
Info 401  [21:2:34.42] getCompletionData: Get current token: 0
Info 402  [21:2:34.42] getCompletionData: Is inside comment: 0
Info 403  [21:2:34.42] getCompletionData: Get previous token 1: 0
Info 404  [21:2:34.42] getCompletionsAtPosition: isCompletionListBlocker: 0
Info 405  [21:2:34.42] getCompletionData: Semantic work: 0
Info 406  [21:2:34.59] getCompletionData: Get current token: 0
Info 407  [21:2:34.59] getCompletionData: Is inside comment: 0
Info 408  [21:2:34.59] getCompletionData: Get previous token 1: 0
Info 409  [21:2:34.59] getCompletionsAtPosition: isCompletionListBlocker: 0
Info 410  [21:2:34.59] getCompletionData: Semantic work: 0
Info 411  [21:2:35.526] Starting updateGraphWorker: Project: /dev/null/inferredProject2*
Info 412  [21:2:35.534] Finishing updateGraphWorker: Project: /dev/null/inferredProject2* Version: 47 structureChanged: false Elapsed: 8ms
Info 413  [21:2:35.534] Different program with same set of files:: oldProgram.structureIsReused:: 2
Info 414  [21:2:35.708] Starting updateGraphWorker: Project: /dev/null/inferredProject2*
Info 415  [21:2:35.716] Finishing updateGraphWorker: Project: /dev/null/inferredProject2* Version: 48 structureChanged: false Elapsed: 8ms
Info 416  [21:2:35.716] Different program with same set of files:: oldProgram.structureIsReused:: 2
Info 417  [21:2:35.858] Starting updateGraphWorker: Project: /dev/null/inferredProject2*
Info 418  [21:2:35.865] Finishing updateGraphWorker: Project: /dev/null/inferredProject2* Version: 49 structureChanged: false Elapsed: 7ms
Info 419  [21:2:35.865] Different program with same set of files:: oldProgram.structureIsReused:: 2
Info 420  [21:2:35.969] Starting updateGraphWorker: Project: /dev/null/inferredProject2*
Info 421  [21:2:35.976] Finishing updateGraphWorker: Project: /dev/null/inferredProject2* Version: 50 structureChanged: false Elapsed: 7ms
Info 422  [21:2:35.976] Different program with same set of files:: oldProgram.structureIsReused:: 2
Info 423  [21:2:36.99] Starting updateGraphWorker: Project: /dev/null/inferredProject2*
Info 424  [21:2:36.106] Finishing updateGraphWorker: Project: /dev/null/inferredProject2* Version: 51 structureChanged: false Elapsed: 7ms
Info 425  [21:2:36.106] Different program with same set of files:: oldProgram.structureIsReused:: 2
Info 426  [21:2:36.304] getCompletionData: Get current token: 0
Info 427  [21:2:36.304] getCompletionData: Is inside comment: 0
Info 428  [21:2:36.304] getCompletionData: Get previous token 1: 0
Info 429  [21:2:36.304] getCompletionData: Get previous token 2: 0
Info 430  [21:2:36.304] getCompletionsAtPosition: isCompletionListBlocker: 0
Info 431  [21:2:36.304] getCompletionData: Semantic work: 0
Info 432  [21:2:36.306] getCompletionData: Get current token: 0
Info 433  [21:2:36.306] getCompletionData: Is inside comment: 0
Info 434  [21:2:36.306] getCompletionData: Get previous token 1: 0
Info 435  [21:2:36.306] getCompletionData: Get previous token 2: 0
Info 436  [21:2:36.306] getCompletionsAtPosition: isCompletionListBlocker: 0
Info 437  [21:2:36.307] getCompletionData: Semantic work: 1
Info 438  [21:2:36.308] getCompletionData: Get current token: 0
Info 439  [21:2:36.308] getCompletionData: Is inside comment: 0
Info 440  [21:2:36.308] getCompletionData: Get previous token 1: 0
Info 441  [21:2:36.308] getCompletionData: Get previous token 2: 0
Info 442  [21:2:36.308] getCompletionsAtPosition: isCompletionListBlocker: 0
Info 443  [21:2:36.309] getCompletionData: Semantic work: 0
Info 444  [21:2:36.590] Starting updateGraphWorker: Project: /dev/null/inferredProject2*
Info 445  [21:2:36.600] Finishing updateGraphWorker: Project: /dev/null/inferredProject2* Version: 52 structureChanged: false Elapsed: 10ms
Info 446  [21:2:36.600] Different program with same set of files:: oldProgram.structureIsReused:: 2
Err 447   [21:13:6.151] Exception on executing command {"command":"getCodeFixes","seq":578,"type":"request","arguments":{"file":"/Users/suebele/htdocs/my-gatsby-site/app3/src/Search.tsx","startLine":4,"startOffset":14,"endLine":7,"endOffset":6,"errorCodes":[7044]}}:

    Debug Failure. Invalid cast. The supplied value [object Object] did not pass the test 'isParameter'.

    Error: Debug Failure. Invalid cast. The supplied value [object Object] did not pass the test 'isParameter'.
        at Object.cast (/Users/suebele/htdocs/my-gatsby-site/app3/node_modules/typescript/lib/tsserver.js:1499:25)
        at doChange (/Users/suebele/htdocs/my-gatsby-site/app3/node_modules/typescript/lib/tsserver.js:135735:40)
        at /Users/suebele/htdocs/my-gatsby-site/app3/node_modules/typescript/lib/tsserver.js:135631:109
        at Function.ChangeTracker.with (/Users/suebele/htdocs/my-gatsby-site/app3/node_modules/typescript/lib/tsserver.js:129425:17)
        at Object.getCodeActions (/Users/suebele/htdocs/my-gatsby-site/app3/node_modules/typescript/lib/tsserver.js:135631:64)
        at /Users/suebele/htdocs/my-gatsby-site/app3/node_modules/typescript/lib/tsserver.js:130599:77
        at Object.flatMap (/Users/suebele/htdocs/my-gatsby-site/app3/node_modules/typescript/lib/tsserver.js:513:25)
        at Object.getFixes (/Users/suebele/htdocs/my-gatsby-site/app3/node_modules/typescript/lib/tsserver.js:130599:23)
        at /Users/suebele/htdocs/my-gatsby-site/app3/node_modules/typescript/lib/tsserver.js:143796:35
        at Object.flatMap (/Users/suebele/htdocs/my-gatsby-site/app3/node_modules/typescript/lib/tsserver.js:513:25)
        at Object.getCodeFixesAtPosition (/Users/suebele/htdocs/my-gatsby-site/app3/node_modules/typescript/lib/tsserver.js:143794:23)
        at IOSession.Session.getCodeFixes (/Users/suebele/htdocs/my-gatsby-site/app3/node_modules/typescript/lib/tsserver.js:154662:64)
        at Session.handlers.ts.Map.ts.getEntries._a.<computed> (/Users/suebele/htdocs/my-gatsby-site/app3/node_modules/typescript/lib/tsserver.js:153339:61)
        at /Users/suebele/htdocs/my-gatsby-site/app3/node_modules/typescript/lib/tsserver.js:154962:88
        at IOSession.Session.executeWithRequestId (/Users/suebele/htdocs/my-gatsby-site/app3/node_modules/typescript/lib/tsserver.js:154953:28)
        at IOSession.Session.executeCommand (/Users/suebele/htdocs/my-gatsby-site/app3/node_modules/typescript/lib/tsserver.js:154962:33)
        at IOSession.Session.onMessage (/Users/suebele/htdocs/my-gatsby-site/app3/node_modules/typescript/lib/tsserver.js:154986:35)
        at Interface.<anonymous> (/Users/suebele/htdocs/my-gatsby-site/app3/node_modules/typescript/lib/tsserver.js:157202:27)
        at Interface.emit (events.js:315:20)
        at Interface._onLine (readline.js:337:10)
        at Interface._normalWrite (readline.js:482:12)
        at Socket.ondata (readline.js:194:10)
        at Socket.emit (events.js:315:20)
        at addChunk (internal/streams/readable.js:309:12)
        at readableAddChunk (internal/streams/readable.js:284:9)
        at Socket.Readable.push (internal/streams/readable.js:223:10)
        at Pipe.onStreamRead (internal/stream_base_commons.js:188:23)
Info 448  [21:13:6.848] Starting updateGraphWorker: Project: /dev/null/inferredProject2*
Info 449  [21:13:6.862] Finishing updateGraphWorker: Project: /dev/null/inferredProject2* Version: 53 structureChanged: false Elapsed: 14ms
Info 450  [21:13:6.862] Different program with same set of files:: oldProgram.structureIsReused:: 2
Info 451  [21:13:9.554] Starting updateGraphWorker: Project: /dev/null/inferredProject2*
Info 452  [21:13:9.563] Finishing updateGraphWorker: Project: /dev/null/inferredProject2* Version: 54 structureChanged: false Elapsed: 9ms
Info 453  [21:13:9.563] Different program with same set of files:: oldProgram.structureIsReused:: 2
Info 454  [21:13:10.204] Starting updateGraphWorker: Project: /dev/null/inferredProject2*
Info 455  [21:13:10.213] Finishing updateGraphWorker: Project: /dev/null/inferredProject2* Version: 55 structureChanged: false Elapsed: 9ms
Info 456  [21:13:10.213] Different program with same set of files:: oldProgram.structureIsReused:: 2
Info 457  [21:13:10.496] Starting updateGraphWorker: Project: /dev/null/inferredProject2*
Info 458  [21:13:10.503] Finishing updateGraphWorker: Project: /dev/null/inferredProject2* Version: 56 structureChanged: false Elapsed: 7ms
Info 459  [21:13:10.503] Different program with same set of files:: oldProgram.structureIsReused:: 2
Info 460  [21:13:10.539] Starting updateGraphWorker: Project: /dev/null/inferredProject2*
Info 461  [21:13:10.549] Finishing updateGraphWorker: Project: /dev/null/inferredProject2* Version: 57 structureChanged: false Elapsed: 10ms
Info 462  [21:13:10.549] Different program with same set of files:: oldProgram.structureIsReused:: 2
Info 463  [21:13:14.225] forEachExternalModuleToImportFrom: filtered out 109 modules by package.json contents
Info 464  [21:13:14.241] forEachExternalModuleToImportFrom: filtered out 176 modules by package.json contents
Info 465  [21:13:14.241] forEachExternalModuleToImportFrom autoImportProvider: 16
Info 466  [21:13:14.534] forEachExternalModuleToImportFrom: filtered out 109 modules by package.json contents
Info 467  [21:13:14.550] forEachExternalModuleToImportFrom: filtered out 176 modules by package.json contents
Info 468  [21:13:14.550] forEachExternalModuleToImportFrom autoImportProvider: 16
Info 469  [21:13:16.67] Starting updateGraphWorker: Project: /dev/null/inferredProject2*
Info 470  [21:13:16.76] Finishing updateGraphWorker: Project: /dev/null/inferredProject2* Version: 58 structureChanged: false Elapsed: 9ms
Info 471  [21:13:16.76] Different program with same set of files:: oldProgram.structureIsReused:: 2
Info 472  [21:13:17.166] Starting updateGraphWorker: Project: /dev/null/inferredProject2*
Info 473  [21:13:17.172] Finishing updateGraphWorker: Project: /dev/null/inferredProject2* Version: 59 structureChanged: false Elapsed: 6ms
Info 474  [21:13:17.172] Different program with same set of files:: oldProgram.structureIsReused:: 2
